INFO - 2024-12-11 00:56:24 --> Session: Class initialized using 'CodeIgniter\Session\Handlers\FileHandler' driver.
INFO - 2024-12-11 00:56:25 --> Session: Class initialized using 'CodeIgniter\Session\Handlers\FileHandler' driver.
INFO - 2024-12-11 08:09:19 --> Session: Class initialized using 'CodeIgniter\Session\Handlers\FileHandler' driver.
INFO - 2024-12-11 08:09:21 --> Session: Class initialized using 'CodeIgniter\Session\Handlers\FileHandler' driver.
INFO - 2024-12-11 08:13:58 --> Session: Class initialized using 'CodeIgniter\Session\Handlers\FileHandler' driver.
INFO - 2024-12-11 08:13:59 --> Session: Class initialized using 'CodeIgniter\Session\Handlers\FileHandler' driver.
INFO - 2024-12-11 08:16:56 --> Session: Class initialized using 'CodeIgniter\Session\Handlers\FileHandler' driver.
INFO - 2024-12-11 08:17:50 --> Session: Class initialized using 'CodeIgniter\Session\Handlers\FileHandler' driver.
INFO - 2024-12-11 08:17:51 --> Session: Class initialized using 'CodeIgniter\Session\Handlers\FileHandler' driver.
INFO - 2024-12-11 08:17:53 --> Session: Class initialized using 'CodeIgniter\Session\Handlers\FileHandler' driver.
INFO - 2024-12-11 08:18:00 --> Session: Class initialized using 'CodeIgniter\Session\Handlers\FileHandler' driver.
INFO - 2024-12-11 08:18:00 --> Session: Class initialized using 'CodeIgniter\Session\Handlers\FileHandler' driver.
INFO - 2024-12-11 08:18:01 --> Session: Class initialized using 'CodeIgniter\Session\Handlers\FileHandler' driver.
INFO - 2024-12-11 08:18:01 --> Session: Class initialized using 'CodeIgniter\Session\Handlers\FileHandler' driver.
INFO - 2024-12-11 08:18:48 --> Session: Class initialized using 'CodeIgniter\Session\Handlers\FileHandler' driver.
INFO - 2024-12-11 08:18:49 --> Session: Class initialized using 'CodeIgniter\Session\Handlers\FileHandler' driver.
INFO - 2024-12-11 08:18:49 --> Session: Class initialized using 'CodeIgniter\Session\Handlers\FileHandler' driver.
INFO - 2024-12-11 08:20:40 --> Session: Class initialized using 'CodeIgniter\Session\Handlers\FileHandler' driver.
INFO - 2024-12-11 08:20:40 --> Session: Class initialized using 'CodeIgniter\Session\Handlers\FileHandler' driver.
INFO - 2024-12-11 08:20:41 --> Session: Class initialized using 'CodeIgniter\Session\Handlers\FileHandler' driver.
INFO - 2024-12-11 08:20:43 --> Session: Class initialized using 'CodeIgniter\Session\Handlers\FileHandler' driver.
INFO - 2024-12-11 08:20:52 --> Session: Class initialized using 'CodeIgniter\Session\Handlers\FileHandler' driver.
INFO - 2024-12-11 08:20:52 --> Session: Class initialized using 'CodeIgniter\Session\Handlers\FileHandler' driver.
INFO - 2024-12-11 08:20:52 --> Session: Class initialized using 'CodeIgniter\Session\Handlers\FileHandler' driver.
INFO - 2024-12-11 08:20:57 --> Session: Class initialized using 'CodeIgniter\Session\Handlers\FileHandler' driver.
INFO - 2024-12-11 08:20:58 --> Session: Class initialized using 'CodeIgniter\Session\Handlers\FileHandler' driver.
INFO - 2024-12-11 08:21:00 --> Session: Class initialized using 'CodeIgniter\Session\Handlers\FileHandler' driver.
INFO - 2024-12-11 08:21:03 --> Session: Class initialized using 'CodeIgniter\Session\Handlers\FileHandler' driver.
INFO - 2024-12-11 08:21:03 --> Session: Class initialized using 'CodeIgniter\Session\Handlers\FileHandler' driver.
INFO - 2024-12-11 08:22:31 --> Session: Class initialized using 'CodeIgniter\Session\Handlers\FileHandler' driver.
CRITICAL - 2024-12-11 08:22:31 --> Undefined array key "loginpage"
in VENDORPATH\myth\auth\src\Filters\LoginFilter.php on line 32.
 1 VENDORPATH\myth\auth\src\Filters\LoginFilter.php(32): CodeIgniter\Debug\Exceptions->errorHandler(2, 'Undefined array key "loginpage"', 'C:\\xampp\\htdocs\\PoinMarket\\vendor\\myth\\auth\\src\\Filters\\LoginFilter.php', 32)
 2 SYSTEMPATH\Filters\Filters.php(173): Myth\Auth\Filters\LoginFilter->before(Object(CodeIgniter\HTTP\IncomingRequest), null)
 3 SYSTEMPATH\CodeIgniter.php(471): CodeIgniter\Filters\Filters->run('Transaksi', 'before')
 4 SYSTEMPATH\CodeIgniter.php(366): CodeIgniter\CodeIgniter->handleRequest(null, Object(Config\Cache), false)
 5 FCPATH\index.php(67): CodeIgniter\CodeIgniter->run()
 6 SYSTEMPATH\Commands\Server\rewrite.php(47): require_once('C:\\xampp\\htdocs\\PoinMarket\\public\\index.php')
INFO - 2024-12-11 08:22:38 --> Session: Class initialized using 'CodeIgniter\Session\Handlers\FileHandler' driver.
INFO - 2024-12-11 08:22:38 --> Session: Class initialized using 'CodeIgniter\Session\Handlers\FileHandler' driver.
CRITICAL - 2024-12-11 08:23:44 --> Undefined array key "loginpage"
in VENDORPATH\myth\auth\src\Config\Routes.php on line 18.
 1 VENDORPATH\myth\auth\src\Config\Routes.php(18): CodeIgniter\Debug\Exceptions->errorHandler(2, 'Undefined array key "loginpage"', 'C:\\xampp\\htdocs\\PoinMarket\\vendor\\myth\\auth\\src\\Config\\Routes.php', 18)
 2 SYSTEMPATH\Router\RouteCollection.php(678): CodeIgniter\Router\RouteCollection::Myth\Auth\Config\{closure}(Object(CodeIgniter\Router\RouteCollection))
 3 VENDORPATH\myth\auth\src\Config\Routes.php(35): CodeIgniter\Router\RouteCollection->group('', [...], Object(Closure))
 4 SYSTEMPATH\Router\RouteCollection.php(302): include('C:\\xampp\\htdocs\\PoinMarket\\vendor\\myth\\auth\\src\\Config\\Routes.php')
 5 SYSTEMPATH\Router\RouteCollection.php(269): CodeIgniter\Router\RouteCollection->discoverRoutes()
 6 SYSTEMPATH\CodeIgniter.php(800): CodeIgniter\Router\RouteCollection->loadRoutes()
 7 SYSTEMPATH\CodeIgniter.php(447): CodeIgniter\CodeIgniter->tryToRouteIt(null)
 8 SYSTEMPATH\CodeIgniter.php(366): CodeIgniter\CodeIgniter->handleRequest(null, Object(Config\Cache), false)
 9 FCPATH\index.php(67): CodeIgniter\CodeIgniter->run()
10 SYSTEMPATH\Commands\Server\rewrite.php(47): require_once('C:\\xampp\\htdocs\\PoinMarket\\public\\index.php')
CRITICAL - 2024-12-11 08:24:31 --> syntax error, unexpected token ";", expecting ")"
in VENDORPATH\myth\auth\src\Config\Routes.php on line 18.
 1 SYSTEMPATH\Router\RouteCollection.php(269): CodeIgniter\Router\RouteCollection->discoverRoutes()
 2 SYSTEMPATH\CodeIgniter.php(800): CodeIgniter\Router\RouteCollection->loadRoutes()
 3 SYSTEMPATH\CodeIgniter.php(447): CodeIgniter\CodeIgniter->tryToRouteIt(null)
 4 SYSTEMPATH\CodeIgniter.php(366): CodeIgniter\CodeIgniter->handleRequest(null, Object(Config\Cache), false)
 5 FCPATH\index.php(67): CodeIgniter\CodeIgniter->run()
 6 SYSTEMPATH\Commands\Server\rewrite.php(47): require_once('C:\\xampp\\htdocs\\PoinMarket\\public\\index.php')
CRITICAL - 2024-12-11 08:24:40 --> Undefined array key "loginpage"
in VENDORPATH\myth\auth\src\Config\Routes.php on line 18.
 1 VENDORPATH\myth\auth\src\Config\Routes.php(18): CodeIgniter\Debug\Exceptions->errorHandler(2, 'Undefined array key "loginpage"', 'C:\\xampp\\htdocs\\PoinMarket\\vendor\\myth\\auth\\src\\Config\\Routes.php', 18)
 2 SYSTEMPATH\Router\RouteCollection.php(678): CodeIgniter\Router\RouteCollection::Myth\Auth\Config\{closure}(Object(CodeIgniter\Router\RouteCollection))
 3 VENDORPATH\myth\auth\src\Config\Routes.php(35): CodeIgniter\Router\RouteCollection->group('', [...], Object(Closure))
 4 SYSTEMPATH\Router\RouteCollection.php(302): include('C:\\xampp\\htdocs\\PoinMarket\\vendor\\myth\\auth\\src\\Config\\Routes.php')
 5 SYSTEMPATH\Router\RouteCollection.php(269): CodeIgniter\Router\RouteCollection->discoverRoutes()
 6 SYSTEMPATH\CodeIgniter.php(800): CodeIgniter\Router\RouteCollection->loadRoutes()
 7 SYSTEMPATH\CodeIgniter.php(447): CodeIgniter\CodeIgniter->tryToRouteIt(null)
 8 SYSTEMPATH\CodeIgniter.php(366): CodeIgniter\CodeIgniter->handleRequest(null, Object(Config\Cache), false)
 9 FCPATH\index.php(67): CodeIgniter\CodeIgniter->run()
10 SYSTEMPATH\Commands\Server\rewrite.php(47): require_once('C:\\xampp\\htdocs\\PoinMarket\\public\\index.php')
CRITICAL - 2024-12-11 08:24:51 --> Undefined array key "loginpage"
in VENDORPATH\myth\auth\src\Config\Routes.php on line 18.
 1 VENDORPATH\myth\auth\src\Config\Routes.php(18): CodeIgniter\Debug\Exceptions->errorHandler(2, 'Undefined array key "loginpage"', 'C:\\xampp\\htdocs\\PoinMarket\\vendor\\myth\\auth\\src\\Config\\Routes.php', 18)
 2 SYSTEMPATH\Router\RouteCollection.php(678): CodeIgniter\Router\RouteCollection::Myth\Auth\Config\{closure}(Object(CodeIgniter\Router\RouteCollection))
 3 VENDORPATH\myth\auth\src\Config\Routes.php(35): CodeIgniter\Router\RouteCollection->group('', [...], Object(Closure))
 4 SYSTEMPATH\Router\RouteCollection.php(302): include('C:\\xampp\\htdocs\\PoinMarket\\vendor\\myth\\auth\\src\\Config\\Routes.php')
 5 SYSTEMPATH\Router\RouteCollection.php(269): CodeIgniter\Router\RouteCollection->discoverRoutes()
 6 SYSTEMPATH\CodeIgniter.php(800): CodeIgniter\Router\RouteCollection->loadRoutes()
 7 SYSTEMPATH\CodeIgniter.php(447): CodeIgniter\CodeIgniter->tryToRouteIt(null)
 8 SYSTEMPATH\CodeIgniter.php(366): CodeIgniter\CodeIgniter->handleRequest(null, Object(Config\Cache), false)
 9 FCPATH\index.php(67): CodeIgniter\CodeIgniter->run()
10 SYSTEMPATH\Commands\Server\rewrite.php(47): require_once('C:\\xampp\\htdocs\\PoinMarket\\public\\index.php')
CRITICAL - 2024-12-11 08:26:25 --> CodeIgniter\Router\RouteCollection::get(): Argument #1 ($from) must be of type string, array given, called in C:\xampp\htdocs\PoinMarket\vendor\myth\auth\src\Config\Routes.php on line 37
in SYSTEMPATH\Router\RouteCollection.php on line 917.
 1 VENDORPATH\myth\auth\src\Config\Routes.php(37): CodeIgniter\Router\RouteCollection->get([...], 'Admin::loginpage')
 2 SYSTEMPATH\Router\RouteCollection.php(678): CodeIgniter\Router\RouteCollection::Myth\Auth\Config\{closure}(Object(CodeIgniter\Router\RouteCollection))
 3 VENDORPATH\myth\auth\src\Config\Routes.php(38): CodeIgniter\Router\RouteCollection->group('', [...], Object(Closure))
 4 SYSTEMPATH\Router\RouteCollection.php(302): include('C:\\xampp\\htdocs\\PoinMarket\\vendor\\myth\\auth\\src\\Config\\Routes.php')
 5 SYSTEMPATH\Router\RouteCollection.php(269): CodeIgniter\Router\RouteCollection->discoverRoutes()
 6 SYSTEMPATH\CodeIgniter.php(800): CodeIgniter\Router\RouteCollection->loadRoutes()
 7 SYSTEMPATH\CodeIgniter.php(447): CodeIgniter\CodeIgniter->tryToRouteIt(null)
 8 SYSTEMPATH\CodeIgniter.php(366): CodeIgniter\CodeIgniter->handleRequest(null, Object(Config\Cache), false)
 9 FCPATH\index.php(67): CodeIgniter\CodeIgniter->run()
10 SYSTEMPATH\Commands\Server\rewrite.php(47): require_once('C:\\xampp\\htdocs\\PoinMarket\\public\\index.php')
INFO - 2024-12-11 08:26:42 --> Session: Class initialized using 'CodeIgniter\Session\Handlers\FileHandler' driver.
CRITICAL - 2024-12-11 08:26:42 --> Undefined array key "loginpage"
in VENDORPATH\myth\auth\src\Filters\LoginFilter.php on line 32.
 1 VENDORPATH\myth\auth\src\Filters\LoginFilter.php(32): CodeIgniter\Debug\Exceptions->errorHandler(2, 'Undefined array key "loginpage"', 'C:\\xampp\\htdocs\\PoinMarket\\vendor\\myth\\auth\\src\\Filters\\LoginFilter.php', 32)
 2 SYSTEMPATH\Filters\Filters.php(173): Myth\Auth\Filters\LoginFilter->before(Object(CodeIgniter\HTTP\IncomingRequest), null)
 3 SYSTEMPATH\CodeIgniter.php(471): CodeIgniter\Filters\Filters->run('Transaksi', 'before')
 4 SYSTEMPATH\CodeIgniter.php(366): CodeIgniter\CodeIgniter->handleRequest(null, Object(Config\Cache), false)
 5 FCPATH\index.php(67): CodeIgniter\CodeIgniter->run()
 6 SYSTEMPATH\Commands\Server\rewrite.php(47): require_once('C:\\xampp\\htdocs\\PoinMarket\\public\\index.php')
INFO - 2024-12-11 08:26:48 --> Session: Class initialized using 'CodeIgniter\Session\Handlers\FileHandler' driver.
INFO - 2024-12-11 08:26:48 --> Session: Class initialized using 'CodeIgniter\Session\Handlers\FileHandler' driver.
CRITICAL - 2024-12-11 08:27:10 --> Undefined array key "loginpage"
in VENDORPATH\myth\auth\src\Config\Routes.php on line 17.
 1 VENDORPATH\myth\auth\src\Config\Routes.php(17): CodeIgniter\Debug\Exceptions->errorHandler(2, 'Undefined array key "loginpage"', 'C:\\xampp\\htdocs\\PoinMarket\\vendor\\myth\\auth\\src\\Config\\Routes.php', 17)
 2 SYSTEMPATH\Router\RouteCollection.php(678): CodeIgniter\Router\RouteCollection::Myth\Auth\Config\{closure}(Object(CodeIgniter\Router\RouteCollection))
 3 VENDORPATH\myth\auth\src\Config\Routes.php(34): CodeIgniter\Router\RouteCollection->group('', [...], Object(Closure))
 4 SYSTEMPATH\Router\RouteCollection.php(302): include('C:\\xampp\\htdocs\\PoinMarket\\vendor\\myth\\auth\\src\\Config\\Routes.php')
 5 SYSTEMPATH\Router\RouteCollection.php(269): CodeIgniter\Router\RouteCollection->discoverRoutes()
 6 SYSTEMPATH\CodeIgniter.php(800): CodeIgniter\Router\RouteCollection->loadRoutes()
 7 SYSTEMPATH\CodeIgniter.php(447): CodeIgniter\CodeIgniter->tryToRouteIt(null)
 8 SYSTEMPATH\CodeIgniter.php(366): CodeIgniter\CodeIgniter->handleRequest(null, Object(Config\Cache), false)
 9 FCPATH\index.php(67): CodeIgniter\CodeIgniter->run()
10 SYSTEMPATH\Commands\Server\rewrite.php(47): require_once('C:\\xampp\\htdocs\\PoinMarket\\public\\index.php')
INFO - 2024-12-11 08:27:15 --> Session: Class initialized using 'CodeIgniter\Session\Handlers\FileHandler' driver.
INFO - 2024-12-11 08:27:50 --> Session: Class initialized using 'CodeIgniter\Session\Handlers\FileHandler' driver.
INFO - 2024-12-11 08:28:04 --> Session: Class initialized using 'CodeIgniter\Session\Handlers\FileHandler' driver.
INFO - 2024-12-11 08:30:53 --> Session: Class initialized using 'CodeIgniter\Session\Handlers\FileHandler' driver.
INFO - 2024-12-11 08:31:12 --> Session: Class initialized using 'CodeIgniter\Session\Handlers\FileHandler' driver.
INFO - 2024-12-11 08:31:36 --> Session: Class initialized using 'CodeIgniter\Session\Handlers\FileHandler' driver.
INFO - 2024-12-11 08:31:40 --> Session: Class initialized using 'CodeIgniter\Session\Handlers\FileHandler' driver.
INFO - 2024-12-11 08:31:55 --> Session: Class initialized using 'CodeIgniter\Session\Handlers\FileHandler' driver.
INFO - 2024-12-11 08:31:59 --> Session: Class initialized using 'CodeIgniter\Session\Handlers\FileHandler' driver.
INFO - 2024-12-11 08:32:01 --> Session: Class initialized using 'CodeIgniter\Session\Handlers\FileHandler' driver.
INFO - 2024-12-11 08:32:01 --> Session: Class initialized using 'CodeIgniter\Session\Handlers\FileHandler' driver.
INFO - 2024-12-11 08:32:01 --> Session: Class initialized using 'CodeIgniter\Session\Handlers\FileHandler' driver.
INFO - 2024-12-11 08:32:03 --> Session: Class initialized using 'CodeIgniter\Session\Handlers\FileHandler' driver.
INFO - 2024-12-11 08:32:04 --> Session: Class initialized using 'CodeIgniter\Session\Handlers\FileHandler' driver.
INFO - 2024-12-11 08:32:05 --> Session: Class initialized using 'CodeIgniter\Session\Handlers\FileHandler' driver.
INFO - 2024-12-11 08:32:05 --> Session: Class initialized using 'CodeIgniter\Session\Handlers\FileHandler' driver.
INFO - 2024-12-11 08:32:07 --> Session: Class initialized using 'CodeIgniter\Session\Handlers\FileHandler' driver.
INFO - 2024-12-11 08:32:07 --> Session: Class initialized using 'CodeIgniter\Session\Handlers\FileHandler' driver.
INFO - 2024-12-11 08:32:11 --> Session: Class initialized using 'CodeIgniter\Session\Handlers\FileHandler' driver.
INFO - 2024-12-11 08:32:48 --> Session: Class initialized using 'CodeIgniter\Session\Handlers\FileHandler' driver.
INFO - 2024-12-11 08:32:52 --> Session: Class initialized using 'CodeIgniter\Session\Handlers\FileHandler' driver.
INFO - 2024-12-11 08:32:54 --> Session: Class initialized using 'CodeIgniter\Session\Handlers\FileHandler' driver.
INFO - 2024-12-11 08:32:54 --> Session: Class initialized using 'CodeIgniter\Session\Handlers\FileHandler' driver.
INFO - 2024-12-11 08:32:55 --> Session: Class initialized using 'CodeIgniter\Session\Handlers\FileHandler' driver.
INFO - 2024-12-11 08:32:56 --> Session: Class initialized using 'CodeIgniter\Session\Handlers\FileHandler' driver.
